# JRE version: Java(TM) SE Runtime Environment (21.0.10+8) (build 21.0.10+8-LTS-217)
# Java VM: Java HotSpot(TM) 64-Bit Server VM (21.0.10+8-LTS-217, mixed mode, sharing, tiered, compressed oops, compressed class ptrs, g1 gc, windows-amd64)
GC Precious Log:
 CardTable entry size: 512
 Card Set container configuration: InlinePtr #cards 5 size 8 Array Of Cards #cards 12 size 40 Howl #buckets 4 coarsen threshold 1843 Howl Bitmap #cards 512 size 80 coarsen threshold 460 Card regions per heap region 1 cards per card region 2048
 CPUs: 4 total, 4 available
 Memory: 6017M
 Large Page Support: Disabled
 NUMA Support: Disabled
 Compressed Oops: Enabled (32-bit)
 Heap Region Size: 1M
 Heap Min Capacity: 256M
 Heap Initial Capacity: 256M
 Heap Max Capacity: 512M
 Pre-touch: Disabled
 Parallel Workers: 4
 Concurrent Workers: 1
 Concurrent Refinement Workers: 4
 Periodic GC: Disabled
Heap:
 garbage-first heap   total 262144K, used 202752K [0x00000000e0000000, 0x0000000100000000)
  region size 1024K, 111 young (113664K), 2 survivors (2048K)
 Metaspace       used 66543K, committed 68544K, reserved 393216K
  class space    used 9527K, committed 10496K, reserved 327680K
GC Heap History (20 events):
Event: 4.898 GC heap before
{Heap before GC invocations=2 (full 0):
 garbage-first heap   total 262144K, used 34372K [0x00000000e0000000, 0x0000000100000000)
  region size 1024K, 26 young (26624K), 3 survivors (3072K)
 Metaspace       used 4188K, committed 4352K, reserved 393216K
  class space    used 495K, committed 576K, reserved 327680K
}
Event: 4.940 GC heap after
{Heap after GC invocations=3 (full 0):
 garbage-first heap   total 262144K, used 12810K [0x00000000e0000000, 0x0000000100000000)
  region size 1024K, 2 young (2048K), 2 survivors (2048K)
 Metaspace       used 4188K, committed 4352K, reserved 393216K
  class space    used 495K, committed 576K, reserved 327680K
}
Event: 15.482 GC heap before
{Heap before GC invocations=3 (full 0):
 garbage-first heap   total 262144K, used 112138K [0x00000000e0000000, 0x0000000100000000)
  region size 1024K, 101 young (103424K), 2 survivors (2048K)
 Metaspace       used 20872K, committed 21504K, reserved 393216K
  class space    used 3003K, committed 3328K, reserved 327680K
}
Event: 15.577 GC heap after
{Heap after GC invocations=4 (full 0):
 garbage-first heap   total 262144K, used 22931K [0x00000000e0000000, 0x0000000100000000)
  region size 1024K, 12 young (12288K), 12 survivors (12288K)
 Metaspace       used 20872K, committed 21504K, reserved 393216K
  class space    used 3003K, committed 3328K, reserved 327680K
}
Event: 25.460 GC heap before
{Heap before GC invocations=5 (full 0):
 garbage-first heap   total 262144K, used 130451K [0x00000000e0000000, 0x0000000100000000)
  region size 1024K, 94 young (96256K), 12 survivors (12288K)
 Metaspace       used 31683K, committed 33024K, reserved 393216K
  class space    used 4697K, committed 5376K, reserved 327680K
}
Event: 25.486 GC heap after
{Heap after GC invocations=6 (full 0):
 garbage-first heap   total 262144K, used 56559K [0x00000000e0000000, 0x0000000100000000)
  region size 1024K, 9 young (9216K), 9 survivors (9216K)
 Metaspace       used 31683K, committed 33024K, reserved 393216K
  class space    used 4697K, committed 5376K, reserved 327680K
}
Event: 26.504 GC heap before
{Heap before GC invocations=6 (full 0):
 garbage-first heap   total 262144K, used 65775K [0x00000000e0000000, 0x0000000100000000)
  region size 1024K, 19 young (19456K), 9 survivors (9216K)
 Metaspace       used 34703K, committed 35968K, reserved 393216K
  class space    used 4999K, committed 5632K, reserved 327680K
}
Event: 26.518 GC heap after
{Heap after GC invocations=7 (full 0):
 garbage-first heap   total 262144K, used 57838K [0x00000000e0000000, 0x0000000100000000)
  region size 1024K, 2 young (2048K), 2 survivors (2048K)
 Metaspace       used 34703K, committed 35968K, reserved 393216K
  class space    used 4999K, committed 5632K, reserved 327680K
}
Event: 26.611 GC heap before
{Heap before GC invocations=7 (full 0):
 garbage-first heap   total 262144K, used 58862K [0x00000000e0000000, 0x0000000100000000)
  region size 1024K, 5 young (5120K), 2 survivors (2048K)
 Metaspace       used 35041K, committed 36288K, reserved 393216K
  class space    used 5046K, committed 5696K, reserved 327680K
}
Event: 26.614 GC heap after
{Heap after GC invocations=8 (full 0):
 garbage-first heap   total 262144K, used 58023K [0x00000000e0000000, 0x0000000100000000)
  region size 1024K, 2 young (2048K), 2 survivors (2048K)
 Metaspace       used 35041K, committed 36288K, reserved 393216K
  class space    used 5046K, committed 5696K, reserved 327680K
}
Event: 30.675 GC heap before
{Heap before GC invocations=9 (full 0):
 garbage-first heap   total 262144K, used 194215K [0x00000000e0000000, 0x0000000100000000)
  region size 1024K, 131 young (134144K), 2 survivors (2048K)
 Metaspace       used 43722K, committed 45120K, reserved 393216K
  class space    used 6190K, committed 6912K, reserved 327680K
}
Event: 30.996 GC heap after
{Heap after GC invocations=10 (full 0):
 garbage-first heap   total 262144K, used 66687K [0x00000000e0000000, 0x0000000100000000)
  region size 1024K, 11 young (11264K), 11 survivors (11264K)
 Metaspace       used 43722K, committed 45120K, reserved 393216K
  class space    used 6190K, committed 6912K, reserved 327680K
}
Event: 31.260 GC heap before
{Heap before GC invocations=10 (full 0):
 garbage-first heap   total 262144K, used 75903K [0x00000000e0000000, 0x0000000100000000)
  region size 1024K, 20 young (20480K), 11 survivors (11264K)
 Metaspace       used 43729K, committed 45184K, reserved 393216K
  class space    used 6190K, committed 6912K, reserved 327680K
}
Event: 31.325 GC heap after
{Heap after GC invocations=11 (full 0):
 garbage-first heap   total 262144K, used 66060K [0x00000000e0000000, 0x0000000100000000)
  region size 1024K, 1 young (1024K), 1 survivors (1024K)
 Metaspace       used 43729K, committed 45184K, reserved 393216K
  class space    used 6190K, committed 6912K, reserved 327680K
}
Event: 34.269 GC heap before
{Heap before GC invocations=11 (full 0):
 garbage-first heap   total 262144K, used 195084K [0x00000000e0000000, 0x0000000100000000)
  region size 1024K, 127 young (130048K), 1 survivors (1024K)
 Metaspace       used 46717K, committed 48128K, reserved 393216K
  class space    used 6517K, committed 7232K, reserved 327680K
}
Event: 34.279 GC heap after
{Heap after GC invocations=12 (full 0):
 garbage-first heap   total 262144K, used 69905K [0x00000000e0000000, 0x0000000100000000)
  region size 1024K, 5 young (5120K), 5 survivors (5120K)
 Metaspace       used 46717K, committed 48128K, reserved 393216K
  class space    used 6517K, committed 7232K, reserved 327680K
}
Event: 44.332 GC heap before
{Heap before GC invocations=12 (full 0):
 garbage-first heap   total 262144K, used 229649K [0x00000000e0000000, 0x0000000100000000)
  region size 1024K, 153 young (156672K), 5 survivors (5120K)
 Metaspace       used 58207K, committed 60096K, reserved 393216K
  class space    used 8231K, committed 9152K, reserved 327680K
}
Event: 44.376 GC heap after
{Heap after GC invocations=13 (full 0):
 garbage-first heap   total 262144K, used 88886K [0x00000000e0000000, 0x0000000100000000)
  region size 1024K, 16 young (16384K), 16 survivors (16384K)
 Metaspace       used 58207K, committed 60096K, reserved 393216K
  class space    used 8231K, committed 9152K, reserved 327680K
}
Event: 45.186 GC heap before
{Heap before GC invocations=13 (full 0):
 garbage-first heap   total 262144K, used 97078K [0x00000000e0000000, 0x0000000100000000)
  region size 1024K, 25 young (25600K), 16 survivors (16384K)
 Metaspace       used 58930K, committed 60800K, reserved 393216K
  class space    used 8329K, committed 9280K, reserved 327680K
}
Event: 45.208 GC heap after
{Heap after GC invocations=14 (full 0):
 garbage-first heap   total 262144K, used 90112K [0x00000000e0000000, 0x0000000100000000)
  region size 1024K, 2 young (2048K), 2 survivors (2048K)
 Metaspace       used 58930K, committed 60800K, reserved 393216K
  class space    used 8329K, committed 9280K, reserved 327680K
}

