# JRE version: Java(TM) SE Runtime Environment (21.0.10+8) (build 21.0.10+8-LTS-217)
# Java VM: Java HotSpot(TM) 64-Bit Server VM (21.0.10+8-LTS-217, mixed mode, sharing, tiered, compressed oops, compressed class ptrs, g1 gc, windows-amd64)
GC Precious Log:
 CardTable entry size: 512
 Card Set container configuration: InlinePtr #cards 5 size 8 Array Of Cards #cards 12 size 40 Howl #buckets 4 coarsen threshold 1843 Howl Bitmap #cards 512 size 80 coarsen threshold 460 Card regions per heap region 1 cards per card region 2048
 CPUs: 4 total, 4 available
 Memory: 6017M
 Large Page Support: Disabled
 NUMA Support: Disabled
 Compressed Oops: Enabled (32-bit)
 Heap Region Size: 1M
 Heap Min Capacity: 256M
 Heap Initial Capacity: 256M
 Heap Max Capacity: 512M
 Pre-touch: Disabled
 Parallel Workers: 4
 Concurrent Workers: 1
 Concurrent Refinement Workers: 4
 Periodic GC: Disabled
Heap:
 garbage-first heap   total 262144K, used 188133K [0x00000000e0000000, 0x0000000100000000)
  region size 1024K, 109 young (111616K), 7 survivors (7168K)
 Metaspace       used 78544K, committed 80768K, reserved 458752K
  class space    used 10730K, committed 11840K, reserved 327680K
GC Heap History (20 events):
Event: 2.963 GC heap before
{Heap before GC invocations=1 (full 0):
 garbage-first heap   total 262144K, used 27551K [0x00000000e0000000, 0x0000000100000000)
  region size 1024K, 22 young (22528K), 2 survivors (2048K)
 Metaspace       used 4103K, committed 4288K, reserved 393216K
  class space    used 496K, committed 576K, reserved 327680K
}
Event: 2.968 GC heap after
{Heap after GC invocations=2 (full 0):
 garbage-first heap   total 262144K, used 10584K [0x00000000e0000000, 0x0000000100000000)
  region size 1024K, 3 young (3072K), 3 survivors (3072K)
 Metaspace       used 4103K, committed 4288K, reserved 393216K
  class space    used 496K, committed 576K, reserved 327680K
}
Event: 9.154 GC heap before
{Heap before GC invocations=2 (full 0):
 garbage-first heap   total 262144K, used 36184K [0x00000000e0000000, 0x0000000100000000)
  region size 1024K, 28 young (28672K), 3 survivors (3072K)
 Metaspace       used 4231K, committed 4416K, reserved 393216K
  class space    used 498K, committed 576K, reserved 327680K
}
Event: 9.179 GC heap after
{Heap after GC invocations=3 (full 0):
 garbage-first heap   total 262144K, used 14735K [0x00000000e0000000, 0x0000000100000000)
  region size 1024K, 4 young (4096K), 4 survivors (4096K)
 Metaspace       used 4231K, committed 4416K, reserved 393216K
  class space    used 498K, committed 576K, reserved 327680K
}
Event: 21.971 GC heap before
{Heap before GC invocations=3 (full 0):
 garbage-first heap   total 262144K, used 113039K [0x00000000e0000000, 0x0000000100000000)
  region size 1024K, 102 young (104448K), 4 survivors (4096K)
 Metaspace       used 20841K, committed 21504K, reserved 393216K
  class space    used 3016K, committed 3328K, reserved 327680K
}
Event: 22.020 GC heap after
{Heap after GC invocations=4 (full 0):
 garbage-first heap   total 262144K, used 23210K [0x00000000e0000000, 0x0000000100000000)
  region size 1024K, 12 young (12288K), 12 survivors (12288K)
 Metaspace       used 20841K, committed 21504K, reserved 393216K
  class space    used 3016K, committed 3328K, reserved 327680K
}
Event: 25.903 GC heap before
{Heap before GC invocations=5 (full 0):
 garbage-first heap   total 262144K, used 122538K [0x00000000e0000000, 0x0000000100000000)
  region size 1024K, 110 young (112640K), 12 survivors (12288K)
 Metaspace       used 34314K, committed 35584K, reserved 393216K
  class space    used 4859K, committed 5504K, reserved 327680K
}
Event: 25.927 GC heap after
{Heap after GC invocations=6 (full 0):
 garbage-first heap   total 262144K, used 30760K [0x00000000e0000000, 0x0000000100000000)
  region size 1024K, 8 young (8192K), 8 survivors (8192K)
 Metaspace       used 34314K, committed 35584K, reserved 393216K
  class space    used 4859K, committed 5504K, reserved 327680K
}
Event: 26.159 GC heap before
{Heap before GC invocations=6 (full 0):
 garbage-first heap   total 262144K, used 42024K [0x00000000e0000000, 0x0000000100000000)
  region size 1024K, 15 young (15360K), 8 survivors (8192K)
 Metaspace       used 34901K, committed 36096K, reserved 393216K
  class space    used 4906K, committed 5504K, reserved 327680K
}
Event: 26.170 GC heap after
{Heap after GC invocations=7 (full 0):
 garbage-first heap   total 262144K, used 32993K [0x00000000e0000000, 0x0000000100000000)
  region size 1024K, 8 young (8192K), 8 survivors (8192K)
 Metaspace       used 34901K, committed 36096K, reserved 393216K
  class space    used 4906K, committed 5504K, reserved 327680K
}
Event: 37.066 GC heap before
{Heap before GC invocations=8 (full 0):
 garbage-first heap   total 262144K, used 171233K [0x00000000e0000000, 0x0000000100000000)
  region size 1024K, 142 young (145408K), 8 survivors (8192K)
 Metaspace       used 49789K, committed 51520K, reserved 393216K
  class space    used 7091K, committed 7936K, reserved 327680K
}
Event: 37.108 GC heap after
{Heap after GC invocations=9 (full 0):
 garbage-first heap   total 262144K, used 42316K [0x00000000e0000000, 0x0000000100000000)
  region size 1024K, 18 young (18432K), 18 survivors (18432K)
 Metaspace       used 49789K, committed 51520K, reserved 393216K
  class space    used 7091K, committed 7936K, reserved 327680K
}
Event: 44.206 GC heap before
{Heap before GC invocations=9 (full 0):
 garbage-first heap   total 262144K, used 179532K [0x00000000e0000000, 0x0000000100000000)
  region size 1024K, 153 young (156672K), 18 survivors (18432K)
 Metaspace       used 57594K, committed 59520K, reserved 393216K
  class space    used 8180K, committed 9152K, reserved 327680K
}
Event: 44.247 GC heap after
{Heap after GC invocations=10 (full 0):
 garbage-first heap   total 262144K, used 53984K [0x00000000e0000000, 0x0000000100000000)
  region size 1024K, 11 young (11264K), 11 survivors (11264K)
 Metaspace       used 57594K, committed 59520K, reserved 393216K
  class space    used 8180K, committed 9152K, reserved 327680K
}
Event: 56.205 GC heap before
{Heap before GC invocations=10 (full 0):
 garbage-first heap   total 262144K, used 190176K [0x00000000e0000000, 0x0000000100000000)
  region size 1024K, 145 young (148480K), 11 survivors (11264K)
 Metaspace       used 59210K, committed 61248K, reserved 393216K
  class space    used 8257K, committed 9280K, reserved 327680K
}
Event: 56.241 GC heap after
{Heap after GC invocations=11 (full 0):
 garbage-first heap   total 262144K, used 70144K [0x00000000e0000000, 0x0000000100000000)
  region size 1024K, 15 young (15360K), 15 survivors (15360K)
 Metaspace       used 59210K, committed 61248K, reserved 393216K
  class space    used 8257K, committed 9280K, reserved 327680K
}
Event: 62.312 GC heap before
{Heap before GC invocations=12 (full 0):
 garbage-first heap   total 262144K, used 211456K [0x00000000e0000000, 0x0000000100000000)
  region size 1024K, 153 young (156672K), 15 survivors (15360K)
 Metaspace       used 67554K, committed 69632K, reserved 393216K
  class space    used 9322K, committed 10368K, reserved 327680K
}
Event: 62.379 GC heap after
{Heap after GC invocations=13 (full 0):
 garbage-first heap   total 262144K, used 82944K [0x00000000e0000000, 0x0000000100000000)
  region size 1024K, 20 young (20480K), 20 survivors (20480K)
 Metaspace       used 67554K, committed 69632K, reserved 393216K
  class space    used 9322K, committed 10368K, reserved 327680K
}
Event: 287.380 GC heap before
{Heap before GC invocations=13 (full 0):
 garbage-first heap   total 262144K, used 217088K [0x00000000e0000000, 0x0000000100000000)
  region size 1024K, 151 young (154624K), 20 survivors (20480K)
 Metaspace       used 75759K, committed 77952K, reserved 458752K
  class space    used 10444K, committed 11520K, reserved 327680K
}
Event: 287.429 GC heap after
{Heap after GC invocations=14 (full 0):
 garbage-first heap   total 262144K, used 84709K [0x00000000e0000000, 0x0000000100000000)
  region size 1024K, 7 young (7168K), 7 survivors (7168K)
 Metaspace       used 75759K, committed 77952K, reserved 458752K
  class space    used 10444K, committed 11520K, reserved 327680K
}

